
**** Build of configuration Debug for project TSK110 ****

C:\ti\ccsv5\utils\bin\gmake -k all 
'Building file: ../main.c'
'Invoking: MSP430 Compiler'
"C:/ti/ccsv5/tools/compiler/msp430/bin/cl430" -vmspx -g -O0 --define=__MSP430F5529__ --include_path="C:/ti/ccsv5/ccs_base/msp430/include" --include_path="C:/Documents and Settings/fede/Mis documentos/TSK100/Firmware_rep/Repo/TSK110" --include_path="C:/ti/ccsv5/tools/compiler/msp430/include" --diag_warning=225 --silicon_errata=CPU22 --silicon_errata=CPU21 --silicon_errata=CPU23 --silicon_errata=CPU40 --printf_support=minimal --preproc_with_compile --preproc_dependency="main.pp"  "../main.c"
'Finished building: ../main.c'
' '
'Building target: Modulo_RS232.out'
'Invoking: MSP430 Linker'
"C:/ti/ccsv5/tools/compiler/msp430/bin/cl430" -vmspx -g -O0 --define=__MSP430F5529__ --diag_warning=225 --silicon_errata=CPU22 --silicon_errata=CPU21 --silicon_errata=CPU23 --silicon_errata=CPU40 --printf_support=minimal -z -m"Modulo_RS232.map" --stack_size=160 --heap_size=160 --use_hw_mpy=F5 --warn_sections -i"C:/ti/ccsv5/ccs_base/msp430/include" -i"C:/ti/ccsv5/tools/compiler/msp430/lib" -i"C:/ti/ccsv5/tools/compiler/msp430/include" --reread_libs --rom_model -o "Modulo_RS232.out"  "./ADC/adc.obj" "./DMA/dma.obj" "./F5xx_F6xx_Core_Lib/HAL_UCS.obj" "./F5xx_F6xx_Core_Lib/HAL_TLV.obj" "./F5xx_F6xx_Core_Lib/HAL_RTC.obj" "./F5xx_F6xx_Core_Lib/HAL_PMM.obj" "./F5xx_F6xx_Core_Lib/HAL_PMAP.obj" "./F5xx_F6xx_Core_Lib/HAL_FLASH.obj" "./FatFs/mmc.obj" "./FatFs/ff.obj" "./Flash/flash_mapeo_variables.obj" "./Flash/flash.obj" "./Hardware/hardware_macros.obj" "./Hardware/hardware_drivers.obj" "./Log/log.obj" "./MSP-EXP430F5529_HAL/HAL_SDCard.obj" "./MSP-EXP430F5529_HAL/HAL_Board.obj" "./Maq_Estados/modos.obj" "./Maq_Estados/calibrar_temperatura.obj" "./Medicion_Sensores/Sensores/sensores.obj" "./Medicion_Sensores/Sensores/Temperatura.obj" "./Medicion_Sensores/Sensores/Conductividad.obj" "./Medicion_Sensores/dsp/dsp.obj" "./PWM/pwm.obj" "./SD_Card/SD_Card.obj" "./StrBus/strbus.obj" "./Timer_A0/Timer_A0.obj" "./Timer_A2/Timer_A2.obj" "./UART/uart.obj" "./XBOB_4/xbob_4.obj" "./inc/funciones_arrays.obj" "./main.obj" -l"libc.a" "../lnk_msp430f5529.cmd" 
<Linking>

 undefined           first referenced       
  symbol                 in file            
 ---------           ----------------       
 Escribir_Byte_Frame ./Maq_Estados/modos.obj
 cadena_datos        ./Maq_Estados/modos.obj

error: unresolved symbols remain
error: output file "Modulo_RS232.out" exceeds code size limit
error: errors encountered during linking; "Modulo_RS232.out" not built

>> Compilation failure
gmake: *** [Modulo_RS232.out] Error 1
gmake: Target `all' not remade because of errors.

**** Build Finished ****
